#
# A fatal error has been detected by the Java Runtime Environment:
#
#  EXCEPTION_ACCESS_VIOLATION (0xc0000005) at pc=0x0721793b, pid=5760, tid=2764
#
# JRE version: 7.0_11-b21
# Java VM: Java HotSpot(TM) Client VM (23.6-b04 mixed mode windows-x86 )
# Problematic frame:
# C  0x0721793b  JNI_CreateJavaVM+0xe00b
#
# Failed to write core dump. Minidumps are not enabled by default on client versions of Windows
#
# If you would like to submit a bug report, please visit:
#   http://bugreport.sun.com/bugreport/crash.jsp
#

---------------  T H R E A D  ---------------

Current thread (0x5e163800):  JavaThread "Code Analyzer updating thread" [_thread_in_vm, id=2764, stack(0x39dc0000,0x39e40000)]

siginfo: ExceptionCode=0xc0000005, reading address 0x00000000

Registers:
EAX=0x00000000, EBX=0x5e163928, ECX=0x5e163800, EDX=0x073ec4b8
ESP=0x39e3f0e8, EBP=0x39e3f130, ESI=0x5e163800, EDI=0x00000000
EIP=0x0721793b, EFLAGS=0x00010246

Top of Stack: (sp=0x39e3f0e8)
0x39e3f0e8:   4e7b52c8 5e163928 6fcf301a 07163d63
0x39e3f0f8:   5e163800 f34669af 4e7b52c8 5e163800
0x39e3f108:   6fcf301a 39e3f0fc f1725358 39e3f18c
0x39e3f118:   073cce7e cde60593 5e163800 061ea124
0x39e3f128:   0000063d 073ec4b8 39e3f148 6fcf10fd
0x39e3f138:   5e163928 4e7b52c8 00000000 39e3f15c
0x39e3f148:   39e3fb48 6fcf304a 5e163928 4e7b52c8
0x39e3f158:   00000000 000d2dc7 39e3fb3c 39e3f3fc 

Instructions: (pc=0x0721793b)
0x0721791b:   f4 ff 83 c4 08 83 7e 04 00 89 75 f0 c7 45 f4 00
0x0721792b:   00 00 00 74 08 8d 4d f0 e8 48 58 0b 00 8b 7d 10
0x0721793b:   8b 0f c7 45 e0 0c 00 00 00 e8 b7 31 f5 ff 50 8d
0x0721794b:   4d c4 e8 4e 88 08 00 8b 45 14 56 8d 4d c4 51 53 


Register to memory mapping:

EAX=0x00000000 is an unknown value
EBX=0x5e163928 is an unknown value
ECX=0x5e163800 is a thread
EDX=0x073ec4b8 is an unknown value
ESP=0x39e3f0e8 is pointing into the stack for thread: 0x5e163800
EBP=0x39e3f130 is pointing into the stack for thread: 0x5e163800
ESI=0x5e163800 is a thread
EDI=0x00000000 is an unknown value


Stack: [0x39dc0000,0x39e40000],  sp=0x39e3f0e8,  free space=508k
Native frames: (J=compiled Java code, j=interpreted, Vv=VM code, C=native code)
C  0x0721793b  JNI_CreateJavaVM+0xe00b
C  0x6fcf10fd
C  0x6fcf304a  Java_com_mathworks_widgets_text_mcode_MLint_nativeGetMessages+0x6fa
j  com.mathworks.widgets.text.mcode.MLint.nativeGetMessages(Ljava/lang/String;Ljava/lang/String;)Ljava/util/List;+0
j  com.mathworks.widgets.text.mcode.MLint.getMessages(Ljava/lang/String;Ljava/lang/String;Lcom/mathworks/widgets/text/mcode/MLintConfiguration;Z)Ljava/util/List;+67
j  com.mathworks.widgets.text.mcode.analyzer.CodeAnalyzerThread.doMLint()V+95
j  com.mathworks.widgets.text.mcode.analyzer.CodeAnalyzerThread.access$400(Lcom/mathworks/widgets/text/mcode/analyzer/CodeAnalyzerThread;)V+1
j  com.mathworks.widgets.text.mcode.analyzer.CodeAnalyzerThread$MLintRunnable.run()V+14
j  java.lang.Thread.run()V+11
v  ~StubRoutines::call_stub
C  0x0728a3ba  JVM_Clone+0x4982a
C  0x073397de  JVM_FindSignal+0x602de
C  0x0728a5a3  JVM_Clone+0x49a13
C  0x0728a607  JVM_Clone+0x49a77
C  0x0723315f  jio_fprintf+0x17f
C  0x072aa6b7  JVM_Clone+0x69b27
C  0x072aa820  JVM_Clone+0x69c90
C  0x072df009  JVM_FindSignal+0x5b09
C  [MSVCR100.dll+0x5c556]  endthreadex+0x3a
C  [MSVCR100.dll+0x5c600]  endthreadex+0xe4
C  [kernel32.dll+0x4ee1c]  BaseThreadInitThunk+0x12
C  [ntdll.dll+0x637eb]  RtlInitializeExceptionChain+0xef
C  [ntdll.dll+0x637be]  RtlInitializeExceptionChain+0xc2

Java frames: (J=compiled Java code, j=interpreted, Vv=VM code)
j  com.mathworks.widgets.text.mcode.MLint.nativeGetMessages(Ljava/lang/String;Ljava/lang/String;)Ljava/util/List;+0
j  com.mathworks.widgets.text.mcode.MLint.getMessages(Ljava/lang/String;Ljava/lang/String;Lcom/mathworks/widgets/text/mcode/MLintConfiguration;Z)Ljava/util/List;+67
j  com.mathworks.widgets.text.mcode.analyzer.CodeAnalyzerThread.doMLint()V+95
j  com.mathworks.widgets.text.mcode.analyzer.CodeAnalyzerThread.access$400(Lcom/mathworks/widgets/text/mcode/analyzer/CodeAnalyzerThread;)V+1
j  com.mathworks.widgets.text.mcode.analyzer.CodeAnalyzerThread$MLintRunnable.run()V+14
j  java.lang.Thread.run()V+11
v  ~StubRoutines::call_stub

---------------  P R O C E S S  ---------------

Java Threads: ( => current thread )
=>0x5e163800 JavaThread "Code Analyzer updating thread" [_thread_in_vm, id=2764, stack(0x39dc0000,0x39e40000)]
  0x5e065400 JavaThread "Foxtrot Multi Worker Thread Runner #1" daemon [_thread_blocked, id=7092, stack(0x397d0000,0x39850000)]
  0x57101000 JavaThread "Thread-45" daemon [_thread_in_native, id=9968, stack(0x5d320000,0x5d3a0000)]
  0x57102000 JavaThread "Thread-44" daemon [_thread_in_native, id=8784, stack(0x5d2a0000,0x5d320000)]
  0x57100c00 JavaThread "Thread-43" daemon [_thread_in_native, id=9028, stack(0x5ce00000,0x5ce80000)]
  0x36909000 JavaThread "Timer-InstrumentReadWritePoll" [_thread_blocked, id=10160, stack(0x5cd80000,0x5ce00000)]
  0x36908400 JavaThread "Thread-41" daemon [_thread_in_native, id=9956, stack(0x5cd00000,0x5cd80000)]
  0x3690a000 JavaThread "Swing-Shell" daemon [_thread_blocked, id=7260, stack(0x3fc90000,0x3fd10000)]
  0x36907400 JavaThread "Code Analyzer updating thread" [_thread_blocked, id=3596, stack(0x3e8c0000,0x3e940000)]
  0x36906c00 JavaThread "Code Analyzer updating thread" [_thread_blocked, id=7512, stack(0x3e840000,0x3e8c0000)]
  0x36906400 JavaThread "Active Reference Queue Daemon" daemon [_thread_blocked, id=5388, stack(0x3e7c0000,0x3e840000)]
  0x36906000 JavaThread "Timer-1" daemon [_thread_blocked, id=8876, stack(0x3e740000,0x3e7c0000)]
  0x36905800 JavaThread "ClipboardMonitor Timer" daemon [_thread_blocked, id=6692, stack(0x3e6c0000,0x3e740000)]
  0x36905400 JavaThread "Explorer NavigationContext request queue" daemon [_thread_blocked, id=7028, stack(0x3e640000,0x3e6c0000)]
  0x36904800 JavaThread "AddressBar directory emptiness poller" daemon [_thread_blocked, id=8976, stack(0x3e540000,0x3e5c0000)]
  0x36904000 JavaThread "Explorer Refresh Service 30008918" daemon [_thread_blocked, id=6132, stack(0x3e4c0000,0x3e540000)]
  0x36903800 JavaThread "Thread-4" daemon [_thread_blocked, id=7992, stack(0x3c6e0000,0x3c760000)]
  0x36903400 JavaThread "TimerQueue" daemon [_thread_blocked, id=9316, stack(0x382a0000,0x38320000)]
  0x36902c00 JavaThread "Thread-3" daemon [_thread_blocked, id=6156, stack(0x37eb0000,0x37f30000)]
  0x36902800 JavaThread "FelixPackageAdmin" daemon [_thread_blocked, id=8792, stack(0x38030000,0x380b0000)]
  0x368e5000 JavaThread "FelixStartLevel" daemon [_thread_blocked, id=8956, stack(0x37fb0000,0x38030000)]
  0x3689f800 JavaThread "FelixDispatchQueue" daemon [_thread_blocked, id=6052, stack(0x37f30000,0x37fb0000)]
  0x36768000 JavaThread "AWT-EventQueue-0" [_thread_blocked, id=1468, stack(0x37cf0000,0x37d70000)]
  0x0f4c2400 JavaThread "com.google.common.base.internal.Finalizer" daemon [_thread_blocked, id=5580, stack(0x364e0000,0x36560000)]
  0x0f4a4800 JavaThread "AWT-Windows" daemon [_thread_in_native, id=8672, stack(0x362e0000,0x36360000)]
  0x0f4a4000 JavaThread "AWT-Shutdown" [_thread_blocked, id=7552, stack(0x0ff60000,0x0ffe0000)]
  0x0f4b2800 JavaThread "Java2D Disposer" daemon [_thread_blocked, id=9936, stack(0x0fee0000,0x0ff60000)]
  0x0f2ecc00 JavaThread "Timer-0" [_thread_blocked, id=3668, stack(0x0fda0000,0x0fe20000)]
  0x0f21c800 JavaThread "EventMgr Dispatcher" daemon [_thread_in_native, id=6524, stack(0x0f5a0000,0x0fda0000)]
  0x0b05e000 JavaThread "Service Thread" daemon [_thread_blocked, id=9212, stack(0x0e3d0000,0x0e450000)]
  0x0b059c00 JavaThread "C1 CompilerThread0" daemon [_thread_blocked, id=4464, stack(0x0dbd0000,0x0e3d0000)]
  0x0b056400 JavaThread "Attach Listener" daemon [_thread_blocked, id=9644, stack(0x0db50000,0x0dbd0000)]
  0x0b026c00 JavaThread "Finalizer" daemon [_thread_blocked, id=6516, stack(0x0dad0000,0x0db50000)]
  0x0b022000 JavaThread "Reference Handler" daemon [_thread_blocked, id=7520, stack(0x087d0000,0x08850000)]
  0x0adf0c00 JavaThread "main" [_thread_in_native, id=8872, stack(0x00430000,0x00c30000)]

Other Threads:
  0x0b021400 VMThread [stack: 0x0d2d0000,0x0dad0000] [id=9560]
  0x0b072400 WatcherThread [stack: 0x0e450000,0x0ec50000] [id=4160]

VM state:not at safepoint (normal execution)

VM Mutex/Monitor currently owned by a thread: None

Heap
 def new generation   total 45888K, used 37830K [0x102e0000, 0x134a0000, 0x182e0000)
  eden space 40832K,  90% used [0x102e0000, 0x126ea9d8, 0x12ac0000)
  from space 5056K,  18% used [0x12ac0000, 0x12ba70d8, 0x12fb0000)
  to   space 5056K,   0% used [0x12fb0000, 0x12fb0000, 0x134a0000)
 tenured generation   total 152720K, used 91631K [0x182e0000, 0x21804000, 0x302e0000)
   the space 152720K,  59% used [0x182e0000, 0x1dc5bec0, 0x1dc5c000, 0x21804000)
 compacting perm gen  total 38144K, used 38013K [0x302e0000, 0x32820000, 0x362e0000)
   the space 38144K,  99% used [0x302e0000, 0x327ff648, 0x327ff800, 0x32820000)
No shared spaces configured.

Card table byte_map: [0x0d190000,0x0d2d0000] byte_map_base: 0x0d10e900

Polling page: 0x066c0000

Code Cache  [0x0b190000, 0x0ba20000, 0x0d190000)
 total_blobs=5350 nmethods=5048 adapters=234 free_code_cache=24014Kb largest_free_block=24584192

Compilation events (10 events):
Event: 43500.812 Thread 0x0b059c00 5116             org.netbeans.editor.DrawEngineDocView::setSize (7 bytes)
Event: 43500.812 Thread 0x0b059c00 nmethod 5116 0x0ba1bb48 code [0x0ba1bc40, 0x0ba1bccc]
Event: 43500.812 Thread 0x0b059c00 5117   !         org.netbeans.lib.editor.view.GapDocumentView::setSize (51 bytes)
Event: 43500.813 Thread 0x0b059c00 nmethod 5117 0x0ba1bd48 code [0x0ba1be60, 0x0ba1bf94]
Event: 43500.813 Thread 0x0b059c00 5118             org.netbeans.lib.editor.view.GapBoxView::setSize (32 bytes)
Event: 43500.814 Thread 0x0b059c00 nmethod 5118 0x0ba1c088 code [0x0ba1c180, 0x0ba1c22c]
Event: 43500.814 Thread 0x0b059c00 5119             org.netbeans.lib.editor.view.GapBoxView::setSpanOnMajorAxis (1 bytes)
Event: 43500.814 Thread 0x0b059c00 nmethod 5119 0x0ba1c2c8 code [0x0ba1c3c0, 0x0ba1c440]
Event: 43500.815 Thread 0x0b059c00 5120             org.netbeans.lib.editor.view.GapBoxView::setSpanOnMinorAxis (44 bytes)
Event: 43500.815 Thread 0x0b059c00 nmethod 5120 0x0ba1c488 code [0x0ba1c5b0, 0x0ba1c6e4]

GC Heap History (10 events):
Event: 43171.652 GC heap before
{Heap before GC invocations=1811 (full 2):
 def new generation   total 34496K, used 31207K [0x102e0000, 0x12840000, 0x182e0000)
  eden space 30720K, 100% used [0x102e0000, 0x120e0000, 0x120e0000)
  from space 3776K,  12% used [0x12490000, 0x12509d80, 0x12840000)
  to   space 3776K,   0% used [0x120e0000, 0x120e0000, 0x12490000)
 tenured generation   total 114692K, used 111604K [0x182e0000, 0x1f2e1000, 0x302e0000)
   the space 114692K,  97% used [0x182e0000, 0x1efdd220, 0x1efdd400, 0x1f2e1000)
 compacting perm gen  total 37888K, used 37717K [0x302e0000, 0x327e0000, 0x362e0000)
   the space 37888K,  99% used [0x302e0000, 0x327b56b0, 0x327b5800, 0x327e0000)
No shared spaces configured.
Event: 43171.656 GC heap after
Heap after GC invocations=1812 (full 2):
 def new generation   total 34496K, used 2883K [0x102e0000, 0x12840000, 0x182e0000)
  eden space 30720K,   0% used [0x102e0000, 0x102e0000, 0x120e0000)
  from space 3776K,  76% used [0x120e0000, 0x123b0e98, 0x12490000)
  to   space 3776K,   0% used [0x12490000, 0x12490000, 0x12840000)
 tenured generation   total 114692K, used 111604K [0x182e0000, 0x1f2e1000, 0x302e0000)
   the space 114692K,  97% used [0x182e0000, 0x1efdd220, 0x1efdd400, 0x1f2e1000)
 compacting perm gen  total 37888K, used 37717K [0x302e0000, 0x327e0000, 0x362e0000)
   the space 37888K,  99% used [0x302e0000, 0x327b56b0, 0x327b5800, 0x327e0000)
No shared spaces configured.
}
Event: 43177.710 GC heap before
{Heap before GC invocations=1812 (full 2):
 def new generation   total 34496K, used 33603K [0x102e0000, 0x12840000, 0x182e0000)
  eden space 30720K, 100% used [0x102e0000, 0x120e0000, 0x120e0000)
  from space 3776K,  76% used [0x120e0000, 0x123b0e98, 0x12490000)
  to   space 3776K,   0% used [0x12490000, 0x12490000, 0x12840000)
 tenured generation   total 114692K, used 111604K [0x182e0000, 0x1f2e1000, 0x302e0000)
   the space 114692K,  97% used [0x182e0000, 0x1efdd220, 0x1efdd400, 0x1f2e1000)
 compacting perm gen  total 37888K, used 37747K [0x302e0000, 0x327e0000, 0x362e0000)
   the space 37888K,  99% used [0x302e0000, 0x327bcf90, 0x327bd000, 0x327e0000)
No shared spaces configured.
Event: 43177.728 GC heap after
Heap after GC invocations=1813 (full 2):
 def new generation   total 34496K, used 3266K [0x102e0000, 0x12840000, 0x182e0000)
  eden space 30720K,   0% used [0x102e0000, 0x102e0000, 0x120e0000)
  from space 3776K,  86% used [0x12490000, 0x127c0870, 0x12840000)
  to   space 3776K,   0% used [0x120e0000, 0x120e0000, 0x12490000)
 tenured generation   total 114692K, used 114129K [0x182e0000, 0x1f2e1000, 0x302e0000)
   the space 114692K,  99% used [0x182e0000, 0x1f254658, 0x1f254800, 0x1f2e1000)
 compacting perm gen  total 37888K, used 37747K [0x302e0000, 0x327e0000, 0x362e0000)
   the space 37888K,  99% used [0x302e0000, 0x327bcf90, 0x327bd000, 0x327e0000)
No shared spaces configured.
}
Event: 43177.919 GC heap before
{Heap before GC invocations=1813 (full 2):
 def new generation   total 34496K, used 33986K [0x102e0000, 0x12840000, 0x182e0000)
  eden space 30720K, 100% used [0x102e0000, 0x120e0000, 0x120e0000)
  from space 3776K,  86% used [0x12490000, 0x127c0870, 0x12840000)
  to   space 3776K,   0% used [0x120e0000, 0x120e0000, 0x12490000)
 tenured generation   total 114692K, used 114129K [0x182e0000, 0x1f2e1000, 0x302e0000)
   the space 114692K,  99% used [0x182e0000, 0x1f254658, 0x1f254800, 0x1f2e1000)
 compacting perm gen  total 37888K, used 37754K [0x302e0000, 0x327e0000, 0x362e0000)
   the space 37888K,  99% used [0x302e0000, 0x327be810, 0x327bea00, 0x327e0000)
No shared spaces configured.
Event: 43178.050 GC heap after
Heap after GC invocations=1814 (full 3):
 def new generation   total 45888K, used 0K [0x102e0000, 0x134a0000, 0x182e0000)
  eden space 40832K,   0% used [0x102e0000, 0x102e0000, 0x12ac0000)
  from space 5056K,   0% used [0x12ac0000, 0x12ac0000, 0x12fb0000)
  to   space 5056K,   0% used [0x12fb0000, 0x12fb0000, 0x134a0000)
 tenured generation   total 152720K, used 91631K [0x182e0000, 0x21804000, 0x302e0000)
   the space 152720K,  59% used [0x182e0000, 0x1dc5bec0, 0x1dc5c000, 0x21804000)
 compacting perm gen  total 37888K, used 37754K [0x302e0000, 0x327e0000, 0x362e0000)
   the space 37888K,  99% used [0x302e0000, 0x327be810, 0x327bea00, 0x327e0000)
No shared spaces configured.
}
Event: 43298.033 GC heap before
{Heap before GC invocations=1814 (full 3):
 def new generation   total 45888K, used 40832K [0x102e0000, 0x134a0000, 0x182e0000)
  eden space 40832K, 100% used [0x102e0000, 0x12ac0000, 0x12ac0000)
  from space 5056K,   0% used [0x12ac0000, 0x12ac0000, 0x12fb0000)
  to   space 5056K,   0% used [0x12fb0000, 0x12fb0000, 0x134a0000)
 tenured generation   total 152720K, used 91631K [0x182e0000, 0x21804000, 0x302e0000)
   the space 152720K,  59% used [0x182e0000, 0x1dc5bec0, 0x1dc5c000, 0x21804000)
 compacting perm gen  total 37888K, used 37781K [0x302e0000, 0x327e0000, 0x362e0000)
   the space 37888K,  99% used [0x302e0000, 0x327c5420, 0x327c5600, 0x327e0000)
No shared spaces configured.
Event: 43298.039 GC heap after
Heap after GC invocations=1815 (full 3):
 def new generation   total 45888K, used 349K [0x102e0000, 0x134a0000, 0x182e0000)
  eden space 40832K,   0% used [0x102e0000, 0x102e0000, 0x12ac0000)
  from space 5056K,   6% used [0x12fb0000, 0x130076f0, 0x134a0000)
  to   space 5056K,   0% used [0x12ac0000, 0x12ac0000, 0x12fb0000)
 tenured generation   total 152720K, used 91631K [0x182e0000, 0x21804000, 0x302e0000)
   the space 152720K,  59% used [0x182e0000, 0x1dc5bec0, 0x1dc5c000, 0x21804000)
 compacting perm gen  total 37888K, used 37781K [0x302e0000, 0x327e0000, 0x362e0000)
   the space 37888K,  99% used [0x302e0000, 0x327c5420, 0x327c5600, 0x327e0000)
No shared spaces configured.
}
Event: 43455.226 GC heap before
{Heap before GC invocations=1815 (full 3):
 def new generation   total 45888K, used 41181K [0x102e0000, 0x134a0000, 0x182e0000)
  eden space 40832K, 100% used [0x102e0000, 0x12ac0000, 0x12ac0000)
  from space 5056K,   6% used [0x12fb0000, 0x130076f0, 0x134a0000)
  to   space 5056K,   0% used [0x12ac0000, 0x12ac0000, 0x12fb0000)
 tenured generation   total 152720K, used 91631K [0x182e0000, 0x21804000, 0x302e0000)
   the space 152720K,  59% used [0x182e0000, 0x1dc5bec0, 0x1dc5c000, 0x21804000)
 compacting perm gen  total 37888K, used 37883K [0x302e0000, 0x327e0000, 0x362e0000)
   the space 37888K,  99% used [0x302e0000, 0x327ded28, 0x327dee00, 0x327e0000)
No shared spaces configured.
Event: 43455.233 GC heap after
Heap after GC invocations=1816 (full 3):
 def new generation   total 45888K, used 924K [0x102e0000, 0x134a0000, 0x182e0000)
  eden space 40832K,   0% used [0x102e0000, 0x102e0000, 0x12ac0000)
  from space 5056K,  18% used [0x12ac0000, 0x12ba70d8, 0x12fb0000)
  to   space 5056K,   0% used [0x12fb0000, 0x12fb0000, 0x134a0000)
 tenured generation   total 152720K, used 91631K [0x182e0000, 0x21804000, 0x302e0000)
   the space 152720K,  59% used [0x182e0000, 0x1dc5bec0, 0x1dc5c000, 0x21804000)
 compacting perm gen  total 37888K, used 37883K [0x302e0000, 0x327e0000, 0x362e0000)
   the space 37888K,  99% used [0x302e0000, 0x327ded28, 0x327dee00, 0x327e0000)
No shared spaces configured.
}

Deoptimization events (0 events):
No events

Internal exceptions (10 events):
Event: 43496.430 Thread 0x36768000 Threw 0x121d9f78 at C:\jdk7u1_32P\jdk7u11\hotspot\src\share\vm\prims\jvm.cpp:1166
Event: 43496.432 Thread 0x36768000 Threw 0x12210a60 at C:\jdk7u1_32P\jdk7u11\hotspot\src\share\vm\prims\jvm.cpp:1166
Event: 43496.434 Thread 0x36768000 Threw 0x1223d608 at C:\jdk7u1_32P\jdk7u11\hotspot\src\share\vm\prims\jvm.cpp:1166
Event: 43496.435 Thread 0x36768000 Threw 0x1225ed08 at C:\jdk7u1_32P\jdk7u11\hotspot\src\share\vm\prims\jvm.cpp:1166
Event: 43496.436 Thread 0x36768000 Threw 0x12288cc0 at C:\jdk7u1_32P\jdk7u11\hotspot\src\share\vm\prims\jvm.cpp:1166
Event: 43496.438 Thread 0x36768000 Threw 0x122a94d8 at C:\jdk7u1_32P\jdk7u11\hotspot\src\share\vm\prims\jvm.cpp:1166
Event: 43496.797 Thread 0x36905800 Threw 0x1239c3d8 at C:\jdk7u1_32P\jdk7u11\hotspot\src\share\vm\prims\jvm.cpp:1166
Event: 43499.419 Thread 0x36768000 Threw 0x1245c238 at C:\jdk7u1_32P\jdk7u11\hotspot\src\share\vm\prims\jvm.cpp:1166
Event: 43499.444 Thread 0x36768000 Threw 0x1248e278 at C:\jdk7u1_32P\jdk7u11\hotspot\src\share\vm\prims\jvm.cpp:1166
Event: 43500.948 Thread 0x5e163800 Threw 0x10bd5d68 at C:\jdk7u1_32P\jdk7u11\hotspot\src\share\vm\prims\jni.cpp:1597

Events (10 events):
Event: 43499.439 loading class 0x38ebfb60
Event: 43499.439 loading class 0x38ebfb60 done
Event: 43499.439 loading class 0x38ebfc20
Event: 43499.439 loading class 0x38ebfc20 done
Event: 43499.441 loading class 0x3f377240
Event: 43499.444 loading class 0x3f377240 done
Event: 43499.444 loading class 0x3d39f100
Event: 43499.444 loading class 0x3d39f100 done
Event: 43500.947 Executing VM operation: RevokeBias
Event: 43500.948 Executing VM operation: RevokeBias done


Dynamic libraries:
0x00400000 - 0x00426000 	C:\Program Files\MATLAB\R2013b\bin\win32\MATLAB.exe
0x77cb0000 - 0x77dec000 	C:\Windows\SYSTEM32\ntdll.dll
0x77a80000 - 0x77b54000 	C:\Windows\system32\kernel32.dll
0x75de0000 - 0x75e2b000 	C:\Windows\system32\KERNELBASE.dll
0x10000000 - 0x102db000 	C:\Program Files\MATLAB\R2013b\bin\win32\libmwservices.dll
0x7dec0000 - 0x7df65000 	C:\Program Files\MATLAB\R2013b\bin\win32\libmwi18n.dll
0x7deb0000 - 0x7debb000 	C:\Program Files\MATLAB\R2013b\bin\win32\libmwresource_core.dll
0x736f0000 - 0x73759000 	C:\Program Files\MATLAB\R2013b\bin\win32\MSVCP100.dll
0x000d0000 - 0x0018f000 	C:\Program Files\MATLAB\R2013b\bin\win32\MSVCR100.dll
0x74b20000 - 0x74b2c000 	C:\Program Files\MATLAB\R2013b\bin\win32\boost_date_time-vc100-mt-1_49.dll
0x737a0000 - 0x737c5000 	C:\Program Files\MATLAB\R2013b\bin\win32\boost_filesystem-vc100-mt-1_49.dll
0x73900000 - 0x73907000 	C:\Program Files\MATLAB\R2013b\bin\win32\boost_system-vc100-mt-1_49.dll
0x76830000 - 0x768d0000 	C:\Windows\system32\ADVAPI32.dll
0x77b60000 - 0x77c0c000 	C:\Windows\system32\msvcrt.dll
0x761d0000 - 0x761e9000 	C:\Windows\SYSTEM32\sechost.dll
0x77870000 - 0x77912000 	C:\Windows\system32\RPCRT4.dll
0x73810000 - 0x73831000 	C:\Program Files\MATLAB\R2013b\bin\win32\LIBEXPAT.dll
0x7dce0000 - 0x7de29000 	C:\Program Files\MATLAB\R2013b\bin\win32\icuin49.dll
0x7dbd0000 - 0x7dcd7000 	C:\Program Files\MATLAB\R2013b\bin\win32\icuuc49.dll
0x00c30000 - 0x01d52000 	C:\Program Files\MATLAB\R2013b\bin\win32\icudt49.dll
0x7dbc0000 - 0x7dbcd000 	C:\Program Files\MATLAB\R2013b\bin\win32\icuio49.dll
0x00340000 - 0x003d5000 	C:\Program Files\MATLAB\R2013b\bin\win32\libut.dll
0x7da60000 - 0x7dbb7000 	C:\Program Files\MATLAB\R2013b\bin\win32\libmwfl.dll
0x01d60000 - 0x020a5000 	C:\Program Files\MATLAB\R2013b\bin\win32\libmwMATLAB_res.dll
0x020b0000 - 0x02164000 	C:\Program Files\MATLAB\R2013b\bin\win32\boost_regex-vc100-mt-1_49.dll
0x779b0000 - 0x77a79000 	C:\Windows\system32\USER32.dll
0x77e00000 - 0x77e4e000 	C:\Windows\system32\GDI32.dll
0x77df0000 - 0x77dfa000 	C:\Windows\system32\LPK.dll
0x77c10000 - 0x77cad000 	C:\Windows\system32\USP10.dll
0x73790000 - 0x7379e000 	C:\Program Files\MATLAB\R2013b\bin\win32\boost_signals-vc100-mt-1_49.dll
0x738f0000 - 0x738fe000 	C:\Program Files\MATLAB\R2013b\bin\win32\boost_thread-vc100-mt-1_49.dll
0x001c0000 - 0x00234000 	C:\Program Files\MATLAB\R2013b\bin\win32\boost_log-vc100-mt-1_49.dll
0x77860000 - 0x77865000 	C:\Windows\system32\PSAPI.DLL
0x76030000 - 0x76065000 	C:\Windows\system32\WS2_32.dll
0x76070000 - 0x76076000 	C:\Windows\system32\NSI.dll
0x73760000 - 0x73788000 	C:\Program Files\MATLAB\R2013b\bin\win32\tbb.dll
0x77e50000 - 0x77e7b000 	C:\Windows\system32\imagehlp.dll
0x73550000 - 0x73575000 	C:\Windows\system32\POWRPROF.dll
0x76950000 - 0x76aed000 	C:\Windows\system32\SETUPAPI.dll
0x76000000 - 0x76027000 	C:\Windows\system32\CFGMGR32.dll
0x77920000 - 0x779af000 	C:\Windows\system32\OLEAUT32.dll
0x76280000 - 0x763dc000 	C:\Windows\system32\ole32.dll
0x75d60000 - 0x75d72000 	C:\Windows\system32\DEVOBJ.dll
0x7d250000 - 0x7d317000 	C:\Program Files\MATLAB\R2013b\bin\win32\libmx.dll
0x003e0000 - 0x003f8000 	C:\Program Files\MATLAB\R2013b\bin\win32\tbbmalloc.dll
0x73430000 - 0x73444000 	C:\Program Files\MATLAB\R2013b\bin\win32\zlib1.dll
0x7d1f0000 - 0x7d22e000 	C:\Program Files\MATLAB\R2013b\bin\win32\libmwregexp.dll
0x7d1b0000 - 0x7d1e8000 	C:\Program Files\MATLAB\R2013b\bin\win32\mpath.dll
0x02170000 - 0x026be000 	C:\Program Files\MATLAB\R2013b\bin\win32\mlutil.dll
0x7cc50000 - 0x7ccb2000 	C:\Program Files\MATLAB\R2013b\bin\win32\xmlcore.dll
0x026c0000 - 0x02880000 	C:\Program Files\MATLAB\R2013b\bin\win32\xerces-c_2_7.dll
0x7ca70000 - 0x7ca91000 	C:\Program Files\MATLAB\R2013b\bin\win32\libmwMATLAB_settings_res.dll
0x02890000 - 0x0289d000 	C:\Program Files\MATLAB\R2013b\bin\win32\boost_iostreams-vc100-mt-1_49.dll
0x028a0000 - 0x028de000 	C:\Program Files\MATLAB\R2013b\bin\win32\boost_serialization-vc100-mt-1_49.dll
0x76c10000 - 0x7785a000 	C:\Windows\system32\SHELL32.dll
0x77e80000 - 0x77ed7000 	C:\Windows\system32\SHLWAPI.dll
0x7ca10000 - 0x7ca15000 	C:\Program Files\MATLAB\R2013b\bin\win32\libmwnativedisplay.dll
0x028e0000 - 0x0291d000 	C:\Program Files\MATLAB\R2013b\bin\win32\opccore.dll
0x02920000 - 0x029ce000 	C:\Program Files\MATLAB\R2013b\bin\win32\opcmodel.dll
0x029d0000 - 0x029f3000 	C:\Program Files\MATLAB\R2013b\bin\win32\opczippackage.dll
0x736e0000 - 0x736ed000 	C:\Program Files\MATLAB\R2013b\bin\win32\libminizip.dll
0x02a00000 - 0x02a51000 	C:\Program Files\MATLAB\R2013b\bin\win32\opcmwservices.dll
0x02a60000 - 0x02ae4000 	C:\Windows\WinSxS\x86_microsoft.windows.common-controls_6595b64144ccf1df_5.82.7601.18201_none_ec80f00e8593ece5\COMCTL32.dll
0x768d0000 - 0x7694b000 	C:\Windows\system32\COMDLG32.dll
0x74410000 - 0x74421000 	C:\Windows\system32\NETAPI32.dll
0x74400000 - 0x74409000 	C:\Windows\system32\netutils.dll
0x75a20000 - 0x75a39000 	C:\Windows\system32\srvcli.dll
0x743f0000 - 0x743ff000 	C:\Windows\system32\wkscli.dll
0x7c980000 - 0x7ca0a000 	C:\Program Files\MATLAB\R2013b\bin\win32\mcr.dll
0x02af0000 - 0x02e88000 	C:\Program Files\MATLAB\R2013b\bin\win32\iqm.dll
0x02e90000 - 0x02f1d000 	C:\Program Files\MATLAB\R2013b\bin\win32\m_dispatcher.dll
0x02f20000 - 0x03466000 	C:\Program Files\MATLAB\R2013b\bin\win32\m_interpreter.dll
0x7bef0000 - 0x7bf0c000 	C:\Program Files\MATLAB\R2013b\bin\win32\libmex.dll
0x7be90000 - 0x7bef0000 	C:\Program Files\MATLAB\R2013b\bin\win32\profiler.dll
0x7bc20000 - 0x7bd6e000 	C:\Program Files\MATLAB\R2013b\bin\win32\libmwmathutil.dll
0x03470000 - 0x03491000 	C:\Program Files\MATLAB\R2013b\bin\win32\libmwmathrng.dll
0x7bbf0000 - 0x7bbfe000 	C:\Program Files\MATLAB\R2013b\bin\win32\libmwmfl_rng.dll
0x034a0000 - 0x0356f000 	C:\Program Files\MATLAB\R2013b\bin\win32\libmwmathcore.dll
0x7baf0000 - 0x7bb38000 	C:\Program Files\MATLAB\R2013b\bin\win32\libmwspmatrix.dll
0x03570000 - 0x03728000 	C:\Program Files\MATLAB\R2013b\bin\win32\mcos.dll
0x7b8b0000 - 0x7b8fa000 	C:\Program Files\MATLAB\R2013b\bin\win32\libmwcholmod.dll
0x7b8a0000 - 0x7b8a9000 	C:\Program Files\MATLAB\R2013b\bin\win32\libmwamd.dll
0x7b890000 - 0x7b899000 	C:\Program Files\MATLAB\R2013b\bin\win32\libmwcolamd.dll
0x7b880000 - 0x7b88b000 	C:\Program Files\MATLAB\R2013b\bin\win32\libmwblas.dll
0x7b860000 - 0x7b871000 	C:\Program Files\MATLAB\R2013b\bin\win32\libmwbinder.dll
0x7b850000 - 0x7b859000 	C:\Program Files\MATLAB\R2013b\bin\win32\libmwompwrapper.dll
0x7b810000 - 0x7b844000 	C:\Program Files\MATLAB\R2013b\bin\win32\libmwlapack.dll
0x7b7f0000 - 0x7b807000 	C:\Program Files\MATLAB\R2013b\bin\win32\m_pcodeio.dll
0x7b7a0000 - 0x7b7e9000 	C:\Program Files\MATLAB\R2013b\bin\win32\m_ir.dll
0x03730000 - 0x03ccc000 	C:\Program Files\MATLAB\R2013b\bin\win32\m_parser.dll
0x7b1f0000 - 0x7b201000 	C:\Program Files\MATLAB\R2013b\bin\win32\ir_xfmr.dll
0x7b1e0000 - 0x7b1ee000 	C:\Program Files\MATLAB\R2013b\bin\win32\mtok.dll
0x7b1b0000 - 0x7b1d1000 	C:\Program Files\MATLAB\R2013b\bin\win32\m_pcodegen.dll
0x7b180000 - 0x7b1a7000 	C:\Program Files\MATLAB\R2013b\bin\win32\libmwbridge.dll
0x7b0e0000 - 0x7b171000 	C:\Program Files\MATLAB\R2013b\bin\win32\udd.dll
0x7afc0000 - 0x7b0da000 	C:\Program Files\MATLAB\R2013b\bin\win32\libmwgui.dll
0x7afa0000 - 0x7afc0000 	C:\Program Files\MATLAB\R2013b\bin\win32\graphics_util.dll
0x03cd0000 - 0x03d82000 	C:\Program Files\MATLAB\R2013b\bin\win32\libtex_base.dll
0x7a790000 - 0x7aef3000 	C:\Program Files\MATLAB\R2013b\bin\win32\hg.dll
0x7a740000 - 0x7a789000 	C:\Program Files\MATLAB\R2013b\bin\win32\libmat.dll
0x03d90000 - 0x03f79000 	C:\Program Files\MATLAB\R2013b\bin\win32\hdf5dll.dll
0x7a4a0000 - 0x7a547000 	C:\Program Files\MATLAB\R2013b\bin\win32\jmi.dll
0x7a490000 - 0x7a49c000 	C:\Program Files\MATLAB\R2013b\bin\win32\nativejava_services.dll
0x7a450000 - 0x7a484000 	C:\Program Files\MATLAB\R2013b\bin\win32\libmwhardcopy.dll
0x7a400000 - 0x7a448000 	C:\Program Files\MATLAB\R2013b\bin\win32\libuij.dll
0x7a220000 - 0x7a3c4000 	C:\Program Files\MATLAB\R2013b\bin\win32\hgdatatypes.dll
0x03f90000 - 0x0406d000 	C:\Program Files\MATLAB\R2013b\bin\win32\hgutils.dll
0x7a0d0000 - 0x7a159000 	C:\Program Files\MATLAB\R2013b\bin\win32\udd_mi.dll
0x7a0a0000 - 0x7a0cd000 	C:\Program Files\MATLAB\R2013b\bin\win32\libmwgbtutils.dll
0x7a090000 - 0x7a0a0000 	C:\Program Files\MATLAB\R2013b\bin\win32\libmwgbt.dll
0x04070000 - 0x04317000 	C:\Program Files\MATLAB\R2013b\bin\win32\uiw.dll
0x79dd0000 - 0x79dd8000 	C:\Program Files\MATLAB\R2013b\bin\win32\uinone.dll
0x04320000 - 0x04343000 	C:\Program Files\MATLAB\R2013b\bin\win32\libmwnativedialogs.dll
0x79da0000 - 0x79da9000 	C:\Program Files\MATLAB\R2013b\bin\win32\libmwplatform_res.dll
0x04360000 - 0x04372000 	C:\Windows\system32\MPR.dll
0x04380000 - 0x047b8000 	C:\Program Files\MATLAB\R2013b\bin\win32\mfc100.dll
0x74310000 - 0x74315000 	C:\Windows\system32\MSIMG32.dll
0x047c0000 - 0x04811000 	C:\Windows\system32\WINSPOOL.DRV
0x79d80000 - 0x79d96000 	C:\Program Files\MATLAB\R2013b\bin\win32\mwoles05.DLL
0x79d20000 - 0x79d73000 	C:\Program Files\MATLAB\R2013b\bin\win32\comcli.dll
0x04820000 - 0x04846000 	C:\Program Files\MATLAB\R2013b\bin\win32\ATL100.DLL
0x79d10000 - 0x79d1a000 	C:\Program Files\MATLAB\R2013b\bin\win32\mlautoregister.dll
0x04850000 - 0x049a5000 	C:\Program Files\MATLAB\R2013b\bin\win32\mvm.dll
0x761b0000 - 0x761cf000 	C:\Windows\system32\IMM32.DLL
0x76b40000 - 0x76c0c000 	C:\Windows\system32\MSCTF.dll
0x749b0000 - 0x749f0000 	C:\Windows\system32\UxTheme.dll
0x74680000 - 0x74693000 	C:\Windows\system32\dwmapi.dll
0x04af0000 - 0x04afd000 	C:\Program Files\MATLAB\R2013b\bin\win32\MFC100ENU.DLL

VM Arguments:
jvm_args: -Xss512k -XX:PermSize=32m -Xms64m -XX:NewRatio=3 -XX:MaxPermSize=96m -Xmx512m -XX:MaxDirectMemorySize=1200000000 -Dsun.java2d.noddraw=true -Dsun.awt.nopixfmt=true -Xshare:off -Xrs -XX:-UseSplitVerifier -Djava.library.path=C:\Program Files\MATLAB\R2013b\bin\win32;C:\Program Files\MATLAB\R2013b\sys\jxbrowser\win32\lib vfprintf abort -Duser.language=en -Duser.country=US -XX:ParallelGCThreads=6 
java_command: <unknown>
Launcher Type: generic

Environment Variables:
PATH=C:\Python27\Lib\site-packages\PyQt4;C:\Windows\system32;C:\Windows;C:\Windows\System32\Wbem;C:\Windows\System32\WindowsPowerShell\v1.0\;C:\Program Files\MATLAB\R2013b\runtime\win32;C:\Program Files\MATLAB\R2013b\bin;C:\Program Files\Microsoft Windows Performance Toolkit\;C:\Python27;C:\Python27\DLLs;C:\Python27\Scripts;C:\Python27\Lib\site-packages\vtk;C:\Python27\gnuplot\binary;C:\Program Files\pythonxy\SciTE-3.3.2-3;C:\Program Files\pythonxy\console;C:\MinGW32-xy\bin;C:\Program Files\IVI Foundation\IVI\bin;C:\Program Files\IVI Foundation\VISA\WinNT\Bin\;C:\Program Files\IVI Foundation\VISA\WinNT\Bin;C:\Program Files\TortoiseSVN\bin;C:\Program Files\CVSNT\
USERNAME=Bruce
OS=Windows_NT
PROCESSOR_IDENTIFIER=x86 Family 6 Model 58 Stepping 9, GenuineIntel



---------------  S Y S T E M  ---------------

OS: Windows 7 Build 7601 Service Pack 1

CPU:total 8 (4 cores per cpu, 2 threads per core) family 6 model 58 stepping 9, cmov, cx8, fxsr, mmx, sse, sse2, sse3, ssse3, sse4.1, sse4.2, popcnt, avx, ht, tsc, tscinvbit, tscinv

Memory: 4k page, physical 3568060k(1002988k free), swap 538708708k(535532624k free)

vm_info: Java HotSpot(TM) Client VM (23.6-b04) for windows-x86 JRE (1.7.0_11-b21), built on Jan 12 2013 02:19:22 by "java_re" with unknown MS VC++:1600

time: Thu Apr 24 12:20:14 2014
elapsed time: 43501 seconds

